\BOOKMARK [1][-]{section.1}{Introduction}{}% 1
\BOOKMARK [2][-]{subsection.1.1}{Diplomacy}{section.1}% 2
\BOOKMARK [1][-]{section.2}{Trust}{}% 3
\BOOKMARK [2][-]{subsection.2.1}{Gaining and losing trust}{section.2}% 4
\BOOKMARK [2][-]{subsection.2.2}{Paranoia}{section.2}% 5
\BOOKMARK [2][-]{subsection.2.3}{Support obligations of alliances}{section.2}% 6
\BOOKMARK [2][-]{subsection.2.4}{Trust summary}{section.2}% 7
\BOOKMARK [1][-]{section.3}{Gain system}{}% 8
\BOOKMARK [2][-]{subsection.3.1}{Gains}{section.3}% 9
\BOOKMARK [3][-]{subsubsection.3.1.1}{Supply gain}{subsection.3.1}% 10
\BOOKMARK [3][-]{subsubsection.3.1.2}{Defend gain}{subsection.3.1}% 11
\BOOKMARK [3][-]{subsubsection.3.1.3}{Counter gain}{subsection.3.1}% 12
\BOOKMARK [3][-]{subsubsection.3.1.4}{Kill gain}{subsection.3.1}% 13
\BOOKMARK [2][-]{subsection.3.2}{Smoothing gains}{section.3}% 14
\BOOKMARK [2][-]{subsection.3.3}{Support}{section.3}% 15
\BOOKMARK [3][-]{subsubsection.3.3.1}{Drawback support}{subsection.3.3}% 16
\BOOKMARK [2][-]{subsection.3.4}{Weighting}{section.3}% 17
\BOOKMARK [2][-]{subsection.3.5}{Movement Phase}{section.3}% 18
\BOOKMARK [2][-]{subsection.3.6}{Retreat and Build Phase}{section.3}% 19
\BOOKMARK [2][-]{subsection.3.7}{Gain values}{section.3}% 20
\BOOKMARK [1][-]{section.4}{Implementation}{}% 21
\BOOKMARK [2][-]{subsection.4.1}{User manual}{section.4}% 22
\BOOKMARK [3][-]{subsubsection.4.1.1}{AIServer}{subsection.4.1}% 23
\BOOKMARK [3][-]{subsubsection.4.1.2}{DodoAI}{subsection.4.1}% 24
\BOOKMARK [3][-]{subsubsection.4.1.3}{AIMapper}{subsection.4.1}% 25
\BOOKMARK [1][-]{section.5}{Conclusion}{}% 26
